<?xml version="1.0" encoding="UTF-8"?>
<!-- Generated by org.testng.reporters.JUnitReportReporter -->
<testsuite skipped="0" hostname="LAPTOP-OUDA7E8T" name="Module1_Login_Test.KiteLoginTest" tests="1" failures="0" timestamp="2021-11-12T09:29:22 IST" time="4.413" errors="0">
  <testcase name="verifyUserID" time="4.413" classname="Module1_Login_Test.KiteLoginTest"/>
  <system-out>
    <![CDATA[verify User ID: ]]>
  </system-out>
</testsuite> <!-- Module1_Login_Test.KiteLoginTest -->
